<?xml version="1.0" encoding="UTF-8"?>
<testng-results ignored="0" total="1" passed="1" failed="0" skipped="0">
  <reporter-output>
  </reporter-output>
  <suite started-at="2021-10-18T12:01:18 CDT" name="Surefire suite" finished-at="2021-10-18T12:01:18 CDT" duration-ms="36">
    <groups>
    </groups>
    <test started-at="2021-10-18T12:01:18 CDT" name="Surefire test" finished-at="2021-10-18T12:01:18 CDT" duration-ms="36">
      <class name="Academy.AppTest">
        <test-method signature="shouldAnswerWithTrue()" started-at="2021-10-18T12:01:18 CDT" name="shouldAnswerWithTrue" finished-at="2021-10-18T12:01:18 CDT" duration-ms="4" status="PASS">
          <reporter-output>
          </reporter-output>
        </test-method> <!-- shouldAnswerWithTrue -->
      </class> <!-- Academy.AppTest -->
    </test> <!-- Surefire test -->
  </suite> <!-- Surefire suite -->
</testng-results>
