<?xml version="1.0" encoding="UTF-8"?>
<!-- Generated by org.testng.reporters.JUnitXMLReporter -->
<testsuite ignored="0" hostname="LSTKTR242584" failures="0" tests="9" name="Personal loan" time="0.057" errors="0" timestamp="2021-10-04T20:03:26 CDT">
  <testcase classname="Test.FirstTutorial" name="Demo" time="0.004"/>
  <testcase classname="Test.FirstTutorial" name="SecondTest" time="0.001"/>
  <testcase classname="Test.FourthTutorial" name="MobileLoginHome" time="0.001"/>
  <testcase classname="Test.FourthTutorial" name="WebLoginHome" time="0.001"/>
  <testcase classname="Test.SecondTutorial" name="ThirdTutorial" time="0.001"/>
  <testcase classname="Test.SecondTutorial" name="ploan" time="0.0"/>
  <testcase classname="Test.ThirdTutorial" name="LoginAPICarLoan" time="0.001"/>
  <testcase classname="Test.ThirdTutorial" name="MobileLoginCarLoan" time="0.001"/>
  <testcase classname="Test.ThirdTutorial" name="WebLoginCarLoan" time="0.001"/>
</testsuite> <!-- Personal loan -->
