<?xml version="1.0" encoding="UTF-8"?>
<!-- Generated by org.testng.reporters.JUnitXMLReporter -->
<testsuite ignored="5" hostname="LSTKTR242584" failures="0" tests="4" name="Regression" time="0.042" errors="0" timestamp="2021-10-04T20:15:38 CDT">
  <testcase classname="Test.FirstTutorial" name="SecondTest" time="0.006"/>
  <testcase classname="Test.SecondTutorial" name="ploan" time="0.001"/>
  <testcase classname="Test.ThirdTutorial" name="MobileLoginCarLoan" time="0.001"/>
  <testcase classname="Test.FourthTutorial" name="MobileLoginHome" time="0.001"/>
  <testcase classname="Test.ThirdTutorial" name="WebLoginCarLoan" time="0.0">
    <ignored/>
  </testcase> <!-- WebLoginCarLoan -->
  <testcase classname="Test.SecondTutorial" name="ThirdTutorial" time="0.0">
    <ignored/>
  </testcase> <!-- ThirdTutorial -->
  <testcase classname="Test.FirstTutorial" name="Demo" time="0.0">
    <ignored/>
  </testcase> <!-- Demo -->
  <testcase classname="Test.ThirdTutorial" name="LoginAPICarLoan" time="0.0">
    <ignored/>
  </testcase> <!-- LoginAPICarLoan -->
  <testcase classname="Test.FourthTutorial" name="WebLoginHome" time="0.0">
    <ignored/>
  </testcase> <!-- WebLoginHome -->
</testsuite> <!-- Regression -->
