<?xml version="1.0" encoding="UTF-8"?>
<testng-results ignored="0" total="6" passed="6" failed="0" skipped="0">
  <reporter-output>
  </reporter-output>
  <suite started-at="2021-10-07T18:13:10 CDT" name="Surefire suite" finished-at="2021-10-07T18:13:10 CDT" duration-ms="66">
    <groups>
    </groups>
    <test started-at="2021-10-07T18:13:10 CDT" name="Surefire test" finished-at="2021-10-07T18:13:10 CDT" duration-ms="66">
      <class name="org.example.AppiumTest">
        <test-method signature="IOSApps()" started-at="2021-10-07T18:13:10 CDT" name="IOSApps" finished-at="2021-10-07T18:13:10 CDT" duration-ms="14" status="PASS">
          <reporter-output>
          </reporter-output>
        </test-method> <!-- IOSApps -->
        <test-method signature="NativeAppAndroid()" started-at="2021-10-07T18:13:10 CDT" name="NativeAppAndroid" finished-at="2021-10-07T18:13:10 CDT" duration-ms="13" status="PASS">
          <reporter-output>
          </reporter-output>
        </test-method> <!-- NativeAppAndroid -->
      </class> <!-- org.example.AppiumTest -->
      <class name="org.example.SeleniumTest">
        <test-method signature="ElementsUI()" started-at="2021-10-07T18:13:10 CDT" name="ElementsUI" finished-at="2021-10-07T18:13:10 CDT" duration-ms="1" status="PASS">
          <reporter-output>
          </reporter-output>
        </test-method> <!-- ElementsUI -->
        <test-method signature="BrowserAutomation()" started-at="2021-10-07T18:13:10 CDT" name="BrowserAutomation" finished-at="2021-10-07T18:13:10 CDT" duration-ms="0" status="PASS">
          <reporter-output>
          </reporter-output>
        </test-method> <!-- BrowserAutomation -->
      </class> <!-- org.example.SeleniumTest -->
      <class name="org.example.RESTAPITest">
        <test-method signature="deleteTwitter()" started-at="2021-10-07T18:13:10 CDT" name="deleteTwitter" finished-at="2021-10-07T18:13:10 CDT" duration-ms="0" status="PASS">
          <reporter-output>
          </reporter-output>
        </test-method> <!-- deleteTwitter -->
        <test-method signature="postJira()" started-at="2021-10-07T18:13:10 CDT" name="postJira" finished-at="2021-10-07T18:13:10 CDT" duration-ms="1" status="PASS">
          <reporter-output>
          </reporter-output>
        </test-method> <!-- postJira -->
      </class> <!-- org.example.RESTAPITest -->
    </test> <!-- Surefire test -->
  </suite> <!-- Surefire suite -->
</testng-results>
