<?xml version="1.0" encoding="UTF-8"?>
<!-- Generated by org.testng.reporters.JUnitXMLReporter -->
<testsuite ignored="0" hostname="LSTKTR242584" failures="0" tests="3" name="All Tests" time="0.104" errors="0" timestamp="2021-10-04T15:36:10 CDT">
  <testcase classname="Test.FirstTutorial" name="Demo" time="0.019"/>
  <testcase classname="Test.FirstTutorial" name="SecondTest" time="0.001"/>
  <testcase classname="Test.SecondTutorial" name="ThirdTutorial" time="0.001"/>
</testsuite> <!-- All Tests -->
