<?xml version="1.0" encoding="UTF-8"?>
<!-- Generated by org.testng.reporters.JUnitXMLReporter -->
<testsuite ignored="1" hostname="LSTKTR242584" failures="0" tests="6" name="Car Loan" time="0.053" errors="0" timestamp="2021-10-04T22:09:21 CDT">
  <testcase classname="Test.ThirdTutorial" name="WebLoginCarLoan" time="0.004"/>
  <testcase classname="Test.ThirdTutorial" name="WebLoginCarLoanParameter" time="0.001"/>
  <testcase classname="Test.ThirdTutorial" name="getDataFromMethod" time="0.001"/>
  <testcase classname="Test.ThirdTutorial" name="getDataFromMethod" time="0.001"/>
  <testcase classname="Test.ThirdTutorial" name="getDataFromMethod" time="0.001"/>
  <testcase classname="Test.ThirdTutorial" name="LoginAPICarLoan" time="0.001"/>
  <testcase classname="Test.ThirdTutorial" name="MobileLoginCarLoan" time="0.0">
    <ignored/>
  </testcase> <!-- MobileLoginCarLoan -->
</testsuite> <!-- Car Loan -->
