<?xml version="1.0" encoding="UTF-8"?>
<testng-results ignored="2" total="13" passed="10" failed="1" skipped="0">
  <reporter-output>
  </reporter-output>
  <suite started-at="2021-10-04T22:09:20 CDT" name="Department" finished-at="2021-10-04T22:09:21 CDT" duration-ms="53">
    <groups>
      <group name="Smoke">
        <method signature="FourthTutorial.MobileLoginHome()[pri:0, instance:Test.FourthTutorial@4e096385]" name="MobileLoginHome" class="Test.FourthTutorial"/>
        <method signature="SecondTutorial.ploan()[pri:0, instance:Test.SecondTutorial@27ff5d15]" name="ploan" class="Test.SecondTutorial"/>
      </group> <!-- Smoke -->
    </groups>
    <test started-at="2021-10-04T22:09:20 CDT" name="Car Loan" finished-at="2021-10-04T22:09:21 CDT" duration-ms="53">
      <class name="Test.FirstTutorial">
        <test-method is-config="true" signature="AfSuit()[pri:0, instance:Test.FirstTutorial@66498326]" started-at="2021-10-04T22:09:21 CDT" name="AfSuit" finished-at="2021-10-04T22:09:21 CDT" duration-ms="0" status="PASS">
          <reporter-output>
          </reporter-output>
        </test-method> <!-- AfSuit -->
      </class> <!-- Test.FirstTutorial -->
      <class name="Test.ThirdTutorial">
        <test-method is-config="true" signature="BSuite()[pri:0, instance:Test.ThirdTutorial@2b91004a]" started-at="2021-10-04T22:09:20 CDT" name="BSuite" finished-at="2021-10-04T22:09:20 CDT" duration-ms="6" status="PASS">
          <reporter-output>
          </reporter-output>
        </test-method> <!-- BSuite -->
        <test-method is-config="true" signature="beforeClass()[pri:0, instance:Test.ThirdTutorial@2b91004a]" started-at="2021-10-04T22:09:21 CDT" name="beforeClass" finished-at="2021-10-04T22:09:21 CDT" duration-ms="0" status="PASS">
          <reporter-output>
          </reporter-output>
        </test-method> <!-- beforeClass -->
        <test-method is-config="true" signature="BfMethod()[pri:0, instance:Test.ThirdTutorial@2b91004a]" started-at="2021-10-04T22:09:21 CDT" name="BfMethod" finished-at="2021-10-04T22:09:21 CDT" duration-ms="1" status="PASS">
          <reporter-output>
          </reporter-output>
        </test-method> <!-- BfMethod -->
        <test-method signature="WebLoginCarLoan()[pri:0, instance:Test.ThirdTutorial@2b91004a]" started-at="2021-10-04T22:09:21 CDT" name="WebLoginCarLoan" finished-at="2021-10-04T22:09:21 CDT" duration-ms="4" status="PASS">
          <reporter-output>
          </reporter-output>
        </test-method> <!-- WebLoginCarLoan -->
        <test-method is-config="true" signature="BfMethod()[pri:0, instance:Test.ThirdTutorial@2b91004a]" started-at="2021-10-04T22:09:21 CDT" name="BfMethod" finished-at="2021-10-04T22:09:21 CDT" duration-ms="0" status="PASS">
          <reporter-output>
          </reporter-output>
        </test-method> <!-- BfMethod -->
        <test-method signature="WebLoginCarLoanParameter(java.lang.String,java.lang.String)[pri:0, instance:Test.ThirdTutorial@2b91004a]" started-at="2021-10-04T22:09:21 CDT" name="WebLoginCarLoanParameter" finished-at="2021-10-04T22:09:21 CDT" duration-ms="1" status="PASS">
          <params>
            <param index="0">
              <value>
                <![CDATA[qaclickacademy.com]]>
              </value>
            </param>
            <param index="1">
              <value>
                <![CDATA[123456]]>
              </value>
            </param>
          </params>
          <reporter-output>
          </reporter-output>
        </test-method> <!-- WebLoginCarLoanParameter -->
        <test-method is-config="true" signature="BfMethod()[pri:0, instance:Test.ThirdTutorial@2b91004a]" started-at="2021-10-04T22:09:21 CDT" name="BfMethod" finished-at="2021-10-04T22:09:21 CDT" duration-ms="1" status="PASS">
          <reporter-output>
          </reporter-output>
        </test-method> <!-- BfMethod -->
        <test-method signature="getDataFromMethod(java.lang.String,java.lang.String)[pri:0, instance:Test.ThirdTutorial@2b91004a]" started-at="2021-10-04T22:09:21 CDT" name="getDataFromMethod" data-provider="getData" finished-at="2021-10-04T22:09:21 CDT" duration-ms="1" status="PASS">
          <params>
            <param index="0">
              <value>
                <![CDATA[firstusername]]>
              </value>
            </param>
            <param index="1">
              <value>
                <![CDATA[firstpassword]]>
              </value>
            </param>
          </params>
          <reporter-output>
          </reporter-output>
        </test-method> <!-- getDataFromMethod -->
        <test-method signature="getDataFromMethod(java.lang.String,java.lang.String)[pri:0, instance:Test.ThirdTutorial@2b91004a]" started-at="2021-10-04T22:09:21 CDT" name="getDataFromMethod" data-provider="getData" finished-at="2021-10-04T22:09:21 CDT" duration-ms="1" status="PASS">
          <params>
            <param index="0">
              <value>
                <![CDATA[secondusername]]>
              </value>
            </param>
            <param index="1">
              <value>
                <![CDATA[secondpassword]]>
              </value>
            </param>
          </params>
          <reporter-output>
          </reporter-output>
        </test-method> <!-- getDataFromMethod -->
        <test-method is-config="true" signature="BfMethod()[pri:0, instance:Test.ThirdTutorial@2b91004a]" started-at="2021-10-04T22:09:21 CDT" name="BfMethod" finished-at="2021-10-04T22:09:21 CDT" duration-ms="0" status="PASS">
          <reporter-output>
          </reporter-output>
        </test-method> <!-- BfMethod -->
        <test-method is-config="true" signature="BfMethod()[pri:0, instance:Test.ThirdTutorial@2b91004a]" started-at="2021-10-04T22:09:21 CDT" name="BfMethod" finished-at="2021-10-04T22:09:21 CDT" duration-ms="0" status="PASS">
          <reporter-output>
          </reporter-output>
        </test-method> <!-- BfMethod -->
        <test-method signature="getDataFromMethod(java.lang.String,java.lang.String)[pri:0, instance:Test.ThirdTutorial@2b91004a]" started-at="2021-10-04T22:09:21 CDT" name="getDataFromMethod" data-provider="getData" finished-at="2021-10-04T22:09:21 CDT" duration-ms="1" status="PASS">
          <params>
            <param index="0">
              <value>
                <![CDATA[thirdusername]]>
              </value>
            </param>
            <param index="1">
              <value>
                <![CDATA[thirdpassword]]>
              </value>
            </param>
          </params>
          <reporter-output>
          </reporter-output>
        </test-method> <!-- getDataFromMethod -->
        <test-method is-config="true" signature="BfMethod()[pri:0, instance:Test.ThirdTutorial@2b91004a]" started-at="2021-10-04T22:09:21 CDT" name="BfMethod" finished-at="2021-10-04T22:09:21 CDT" duration-ms="0" status="PASS">
          <reporter-output>
          </reporter-output>
        </test-method> <!-- BfMethod -->
        <test-method signature="LoginAPICarLoan()[pri:0, instance:Test.ThirdTutorial@2b91004a]" started-at="2021-10-04T22:09:21 CDT" name="LoginAPICarLoan" finished-at="2021-10-04T22:09:21 CDT" depends-on-methods="Test.ThirdTutorial.WebLoginCarLoan" duration-ms="1" status="PASS">
          <reporter-output>
          </reporter-output>
        </test-method> <!-- LoginAPICarLoan -->
        <test-method is-config="true" signature="afterClass()[pri:0, instance:Test.ThirdTutorial@2b91004a]" started-at="2021-10-04T22:09:21 CDT" name="afterClass" finished-at="2021-10-04T22:09:21 CDT" duration-ms="0" status="PASS">
          <reporter-output>
          </reporter-output>
        </test-method> <!-- afterClass -->
      </class> <!-- Test.ThirdTutorial -->
    </test> <!-- Car Loan -->
    <test started-at="2021-10-04T22:09:20 CDT" name="First Tests" finished-at="2021-10-04T22:09:21 CDT" duration-ms="47">
      <class name="Test.SecondTutorial">
        <test-method is-config="true" signature="prerequiste()[pri:0, instance:Test.SecondTutorial@27ff5d15]" started-at="2021-10-04T22:09:20 CDT" name="prerequiste" finished-at="2021-10-04T22:09:20 CDT" duration-ms="0" status="PASS">
          <reporter-output>
          </reporter-output>
        </test-method> <!-- prerequiste -->
        <test-method signature="ThirdTutorial()[pri:0, instance:Test.SecondTutorial@27ff5d15]" started-at="2021-10-04T22:09:21 CDT" name="ThirdTutorial" finished-at="2021-10-04T22:09:21 CDT" duration-ms="2" status="PASS">
          <reporter-output>
          </reporter-output>
        </test-method> <!-- ThirdTutorial -->
        <test-method signature="ploan()[pri:0, instance:Test.SecondTutorial@27ff5d15]" started-at="2021-10-04T22:09:21 CDT" name="ploan" finished-at="2021-10-04T22:09:21 CDT" duration-ms="1" status="PASS">
          <reporter-output>
          </reporter-output>
        </test-method> <!-- ploan -->
      </class> <!-- Test.SecondTutorial -->
      <class name="Test.FirstTutorial">
        <test-method signature="Demo()[pri:0, instance:Test.FirstTutorial@66498326]" started-at="2021-10-04T22:09:21 CDT" name="Demo" finished-at="2021-10-04T22:09:21 CDT" duration-ms="6" status="FAIL">
          <exception class="java.lang.AssertionError">
            <message>
              <![CDATA[expected [true] but found [false]]]>
            </message>
            <full-stacktrace>
              <![CDATA[java.lang.AssertionError: expected [true] but found [false]
at org.testng.Assert.fail(Assert.java:99)
at org.testng.Assert.failNotEquals(Assert.java:1037)
at org.testng.Assert.assertTrue(Assert.java:45)
at org.testng.Assert.assertTrue(Assert.java:55)
at Test.FirstTutorial.Demo(FirstTutorial.java:23)
at java.base/jdk.internal.reflect.NativeMethodAccessorImpl.invoke0(Native Method)
at java.base/jdk.internal.reflect.NativeMethodAccessorImpl.invoke(NativeMethodAccessorImpl.java:62)
at java.base/jdk.internal.reflect.DelegatingMethodAccessorImpl.invoke(DelegatingMethodAccessorImpl.java:43)
at java.base/java.lang.reflect.Method.invoke(Method.java:566)
at org.testng.internal.MethodInvocationHelper.invokeMethod(MethodInvocationHelper.java:133)
at org.testng.internal.TestInvoker.invokeMethod(TestInvoker.java:598)
at org.testng.internal.TestInvoker.invokeTestMethod(TestInvoker.java:173)
at org.testng.internal.MethodRunner.runInSequence(MethodRunner.java:46)
at org.testng.internal.TestInvoker$MethodInvocationAgent.invoke(TestInvoker.java:824)
at org.testng.internal.TestInvoker.invokeTestMethods(TestInvoker.java:146)
at org.testng.internal.TestMethodWorker.invokeTestMethods(TestMethodWorker.java:146)
at org.testng.internal.TestMethodWorker.run(TestMethodWorker.java:128)
at java.base/java.util.ArrayList.forEach(ArrayList.java:1541)
at org.testng.TestRunner.privateRun(TestRunner.java:794)
at org.testng.TestRunner.run(TestRunner.java:596)
at org.testng.SuiteRunner.runTest(SuiteRunner.java:377)
at org.testng.SuiteRunner.access$000(SuiteRunner.java:28)
at org.testng.SuiteRunner$SuiteWorker.run(SuiteRunner.java:418)
at org.testng.internal.thread.ThreadUtil.lambda$execute$0(ThreadUtil.java:64)
at java.base/java.util.concurrent.FutureTask.run(FutureTask.java:264)
at java.base/java.util.concurrent.ThreadPoolExecutor.runWorker(ThreadPoolExecutor.java:1128)
at java.base/java.util.concurrent.ThreadPoolExecutor$Worker.run(ThreadPoolExecutor.java:628)
at java.base/java.lang.Thread.run(Thread.java:829)
]]>
            </full-stacktrace>
          </exception> <!-- java.lang.AssertionError -->
          <reporter-output>
          </reporter-output>
        </test-method> <!-- Demo -->
        <test-method is-config="true" signature="LastExecution()[pri:0, instance:Test.FirstTutorial@66498326]" started-at="2021-10-04T22:09:21 CDT" name="LastExecution" finished-at="2021-10-04T22:09:21 CDT" duration-ms="1" status="PASS">
          <reporter-output>
          </reporter-output>
        </test-method> <!-- LastExecution -->
      </class> <!-- Test.FirstTutorial -->
      <class name="Test.FourthTutorial">
        <test-method is-config="true" signature="LoginAPIHome()[pri:0, instance:Test.FourthTutorial@4e096385]" started-at="2021-10-04T22:09:20 CDT" name="LoginAPIHome" finished-at="2021-10-04T22:09:20 CDT" duration-ms="1" status="PASS">
          <reporter-output>
          </reporter-output>
        </test-method> <!-- LoginAPIHome -->
        <test-method signature="MobileLoginHome()[pri:0, instance:Test.FourthTutorial@4e096385]" started-at="2021-10-04T22:09:21 CDT" name="MobileLoginHome" finished-at="2021-10-04T22:09:21 CDT" duration-ms="2" status="PASS">
          <reporter-output>
          </reporter-output>
        </test-method> <!-- MobileLoginHome -->
        <test-method signature="WebLoginHome(java.lang.String)[pri:0, instance:Test.FourthTutorial@4e096385]" started-at="2021-10-04T22:09:21 CDT" name="WebLoginHome" finished-at="2021-10-04T22:09:21 CDT" duration-ms="1" status="PASS">
          <params>
            <param index="0">
              <value>
                <![CDATA[qaclickacademy.com]]>
              </value>
            </param>
          </params>
          <reporter-output>
          </reporter-output>
        </test-method> <!-- WebLoginHome -->
      </class> <!-- Test.FourthTutorial -->
    </test> <!-- First Tests -->
  </suite> <!-- Department -->
</testng-results>
