<?xml version="1.0" encoding="UTF-8"?>
<testng-results skipped="0" failed="0" ignored="0" total="1" passed="1">
  <reporter-output>
  </reporter-output>
  <suite name="Default Suite" duration-ms="41" started-at="2021-10-07T17:29:14 CDT" finished-at="2021-10-07T17:29:15 CDT">
    <groups>
    </groups>
    <test name="TestNGDemo_Maven" duration-ms="41" started-at="2021-10-07T17:29:14 CDT" finished-at="2021-10-07T17:29:15 CDT">
      <class name="TestCases">
        <test-method status="PASS" signature="test1()[pri:0, instance:TestCases@589838eb]" name="test1" duration-ms="6" started-at="2021-10-07T17:29:15 CDT" finished-at="2021-10-07T17:29:15 CDT">
          <reporter-output>
          </reporter-output>
        </test-method> <!-- test1 -->
      </class> <!-- TestCases -->
    </test> <!-- TestNGDemo_Maven -->
  </suite> <!-- Default Suite -->
</testng-results>
