<?xml version="1.0" encoding="UTF-8"?>
<!-- Generated by org.testng.reporters.JUnitXMLReporter -->
<testsuite ignored="0" hostname="LSTKTR242584" failures="0" tests="3" name="Default test" time="0.08" errors="0" timestamp="2021-10-04T20:24:44 CDT">
  <testcase classname="Test.ThirdTutorial" name="MobileLoginCarLoan" time="0.01"/>
  <testcase classname="Test.ThirdTutorial" name="WebLoginCarLoan" time="0.002"/>
  <testcase classname="Test.ThirdTutorial" name="LoginAPICarLoan" time="0.001"/>
</testsuite> <!-- Default test -->
