<?xml version="1.0" encoding="UTF-8"?>
<!-- Generated by org.testng.reporters.JUnitXMLReporter -->
<testsuite ignored="0" hostname="DESKTOP-B84MFDV" failures="0" tests="6" name="Surefire test" time="0.066" errors="0" timestamp="2021-10-07T18:13:10 CDT">
  <testcase classname="org.example.AppiumTest" name="IOSApps on IOSApps(org.example.AppiumTest)" time="0.014"/>
  <testcase classname="org.example.AppiumTest" name="NativeAppAndroid on NativeAppAndroid(org.example.AppiumTest)" time="0.013"/>
  <testcase classname="org.example.RESTAPITest" name="deleteTwitter on deleteTwitter(org.example.RESTAPITest)" time="0.0"/>
  <testcase classname="org.example.RESTAPITest" name="postJira on postJira(org.example.RESTAPITest)" time="0.001"/>
  <testcase classname="org.example.SeleniumTest" name="ElementsUI on ElementsUI(org.example.SeleniumTest)" time="0.001"/>
  <testcase classname="org.example.SeleniumTest" name="BrowserAutomation on BrowserAutomation(org.example.SeleniumTest)" time="0.0"/>
</testsuite> <!-- Surefire test -->
